2023-04-05 23:25:37,063  * Debugger is active!
2023-04-05 23:25:37,070  * Debugger PIN: 161-204-103
2023-04-05 23:25:56,883 Page is Searched
2023-04-05 23:25:56,886 Value received from user-Data science
2023-04-05 23:25:56,886 wikipedia_links is - https://en.wikipedia.org/wiki/Data_science
2023-04-05 23:26:04,148 URL responded
2023-04-05 23:26:04,453 Soup has been created
2023-04-05 23:26:04,454 Got the title - Data science
2023-04-05 23:26:04,456 Soup List has been created
2023-04-05 23:26:04,458 result generated
2023-04-05 23:26:04,465 127.0.0.1 - - [05/Apr/2023 23:26:04] "POST /info HTTP/1.1" 200 -
2023-04-05 23:27:42,699 Page is Searched
2023-04-05 23:27:42,699 Value received from user-Artificial intelligence
2023-04-05 23:27:42,700 wikipedia_links is - https://en.wikipedia.org/wiki/Artificial_intelligence
2023-04-05 23:27:44,006 URL responded
2023-04-05 23:27:45,026 Soup has been created
2023-04-05 23:27:45,026 Got the title - Artificial intelligence
2023-04-05 23:27:45,041 Soup List has been created
2023-04-05 23:27:45,062 result generated
2023-04-05 23:27:45,064 127.0.0.1 - - [05/Apr/2023 23:27:45] "POST /info HTTP/1.1" 200 -
